<?xml version="1.0" encoding="UTF-8"?>
<!-- Generated by org.testng.reporters.JUnitXMLReporter -->
<testsuite hostname="SIT-PC" ignored="0" name="Default test" tests="3" failures="0" timestamp="25 Aug 2019 16:11:21 GMT" time="14.5" errors="0">
  <testcase name="validateResponseBody" time="0.042" classname="com.qa.employeeapi.testcases.TC005_DELETE_DeleteExistingEmployee"/>
  <testcase name="validateStatusCode" time="0.008" classname="com.qa.employeeapi.testcases.TC005_DELETE_DeleteExistingEmployee"/>
  <testcase name="validateStatusLine" time="0.001" classname="com.qa.employeeapi.testcases.TC005_DELETE_DeleteExistingEmployee"/>
</testsuite> <!-- Default test -->
