<?xml version="1.0" encoding="UTF-8"?>
<!-- Generated by org.testng.reporters.JUnitXMLReporter -->
<testsuite hostname="SIT-PC" ignored="0" name="Test" tests="11" failures="0" timestamp="25 Aug 2019 06:57:15 GMT" time="23.841" errors="0">
  <testcase name="checkResponseBody" time="0.164" classname="com.qa.employeeapi.testcases.TC001_Get_All_Employees"/>
  <testcase name="checkStatusCode" time="0.006" classname="com.qa.employeeapi.testcases.TC001_Get_All_Employees"/>
  <testcase name="checkresponseTime" time="0.002" classname="com.qa.employeeapi.testcases.TC001_Get_All_Employees"/>
  <testcase name="checkResponseData" time="0.005" classname="com.qa.employeeapi.testcases.TC002_Get_Specific_Employee"/>
  <testcase name="checkStatusCode" time="0.01" classname="com.qa.employeeapi.testcases.TC002_Get_Specific_Employee"/>
  <testcase name="createEmployee" time="5.851" classname="com.qa.employeeapi.testcases.TC003_POST_CreateNewEmployee"/>
  <testcase name="checkResponseBodyForCreate" time="0.002" classname="com.qa.employeeapi.testcases.TC003_POST_CreateNewEmployee"/>
  <testcase name="checkResponseCodeForCreate" time="0.001" classname="com.qa.employeeapi.testcases.TC003_POST_CreateNewEmployee"/>
  <testcase name="updateEmployeeRecord" time="5.76" classname="com.qa.employeeapi.testcases.TC004_PUT_UpdateExistingEmployee"/>
  <testcase name="verifyStatusCodeForUpdate" time="0.001" classname="com.qa.employeeapi.testcases.TC004_PUT_UpdateExistingEmployee"/>
  <testcase name="checkResponseBodyForUpdate" time="0.003" classname="com.qa.employeeapi.testcases.TC004_PUT_UpdateExistingEmployee"/>
</testsuite> <!-- Test -->
