<?xml version="1.0" encoding="UTF-8"?>
<!-- Generated by org.testng.reporters.JUnitXMLReporter -->
<testsuite hostname="SIT-PC" ignored="0" name="Test" tests="14" failures="0" timestamp="25 Aug 2019 16:22:44 GMT" time="26.921" errors="0">
  <testcase name="checkResponseBody" time="0.134" classname="com.qa.employeeapi.testcases.TC001_Get_All_Employees"/>
  <testcase name="checkStatusCode" time="0.002" classname="com.qa.employeeapi.testcases.TC001_Get_All_Employees"/>
  <testcase name="checkresponseTime" time="0.002" classname="com.qa.employeeapi.testcases.TC001_Get_All_Employees"/>
  <testcase name="checkResponseData" time="0.005" classname="com.qa.employeeapi.testcases.TC002_Get_Specific_Employee"/>
  <testcase name="checkStatusCode" time="0.002" classname="com.qa.employeeapi.testcases.TC002_Get_Specific_Employee"/>
  <testcase name="createEmployee" time="6.408" classname="com.qa.employeeapi.testcases.TC003_POST_CreateNewEmployee"/>
  <testcase name="checkResponseBodyForCreate" time="0.01" classname="com.qa.employeeapi.testcases.TC003_POST_CreateNewEmployee"/>
  <testcase name="checkResponseCodeForCreate" time="0.002" classname="com.qa.employeeapi.testcases.TC003_POST_CreateNewEmployee"/>
  <testcase name="updateEmployeeRecord" time="5.753" classname="com.qa.employeeapi.testcases.TC004_PUT_UpdateExistingEmployee"/>
  <testcase name="verifyStatusCodeForUpdate" time="0.002" classname="com.qa.employeeapi.testcases.TC004_PUT_UpdateExistingEmployee"/>
  <testcase name="checkResponseBodyForUpdate" time="0.002" classname="com.qa.employeeapi.testcases.TC004_PUT_UpdateExistingEmployee"/>
  <testcase name="validateResponseBody" time="0.003" classname="com.qa.employeeapi.testcases.TC005_DELETE_DeleteExistingEmployee"/>
  <testcase name="validateStatusCode" time="0.002" classname="com.qa.employeeapi.testcases.TC005_DELETE_DeleteExistingEmployee"/>
  <testcase name="validateStatusLine" time="0.001" classname="com.qa.employeeapi.testcases.TC005_DELETE_DeleteExistingEmployee"/>
</testsuite> <!-- Test -->
